<?xml version="1.0"?>
<!DOCTYPE coverage SYSTEM "http://cobertura.sourceforge.net/xml/coverage-04.dtd">

<coverage line-rate="0.8305227655986509" branch-rate="0.7252440725244073" lines-covered="985" lines-valid="1186" branches-covered="520" branches-valid="717" complexity="2.02027027027027" version="2.1.1" timestamp="1474506224597">
	<sources>
		<source>--source</source>
		<source>/home/hiroshi/workspace/geophile/src/main/java</source>
	</sources>
	<packages>
		<package name="com.geophile.util" line-rate="0.17857142857142858" branch-rate="0.0" complexity="1.6153846153846154">
			<classes>
				<class name="com.geophile.util.MicroBenchmark" filename="com/geophile/util/MicroBenchmark.java" line-rate="0.0" branch-rate="0.0" complexity="2.0">
					<methods>
						<method name="&lt;init&gt;" signature="(ID)V" line-rate="0.0" branch-rate="1.0" complexity="0">
							<lines>
								<line number="58" hits="0" branch="false"/>
								<line number="59" hits="0" branch="false"/>
								<line number="60" hits="0" branch="false"/>
								<line number="61" hits="0" branch="false"/>
								<line number="90" hits="0" branch="false"/>
							</lines>
						</method>
						<method name="afterAction" signature="()V" line-rate="0.0" branch-rate="1.0" complexity="0">
							<lines>
								<line number="15" hits="0" branch="false"/>
							</lines>
						</method>
						<method name="beforeAction" signature="()V" line-rate="0.0" branch-rate="1.0" complexity="0">
							<lines>
								<line number="12" hits="0" branch="false"/>
							</lines>
						</method>
						<method name="converged" signature="()Z" line-rate="0.0" branch-rate="0.0" complexity="0">
							<lines>
								<line number="65" hits="0" branch="false"/>
								<line number="66" hits="0" branch="true" condition-coverage="0% (0/2)">
									<conditions>
										<condition number="0" type="jump" coverage="0%"/>
									</conditions>
								</line>
								<line number="67" hits="0" branch="false"/>
								<line number="68" hits="0" branch="false"/>
								<line number="69" hits="0" branch="false"/>
								<line number="70" hits="0" branch="true" condition-coverage="0% (0/2)">
									<conditions>
										<condition number="0" type="jump" coverage="0%"/>
									</conditions>
								</line>
								<line number="71" hits="0" branch="false"/>
								<line number="72" hits="0" branch="false"/>
								<line number="73" hits="0" branch="false"/>
								<line number="75" hits="0" branch="false"/>
								<line number="76" hits="0" branch="true" condition-coverage="0% (0/4)">
									<conditions>
										<condition number="0" type="jump" coverage="0%"/>
										<condition number="1" type="jump" coverage="0%"/>
									</conditions>
								</line>
								<line number="80" hits="0" branch="true" condition-coverage="0% (0/2)">
									<conditions>
										<condition number="0" type="jump" coverage="0%"/>
									</conditions>
								</line>
								<line number="82" hits="0" branch="false"/>
								<line number="84" hits="0" branch="false"/>
							</lines>
						</method>
						<method name="name" signature="()Ljava/lang/String;" line-rate="0.0" branch-rate="1.0" complexity="0">
							<lines>
								<line number="21" hits="0" branch="false"/>
							</lines>
						</method>
						<method name="profile" signature="()V" line-rate="0.0" branch-rate="1.0" complexity="0">
							<lines>
								<line number="46" hits="0" branch="false"/>
								<line number="48" hits="0" branch="false"/>
								<line number="49" hits="0" branch="false"/>
								<line number="50" hits="0" branch="false"/>
								<line number="51" hits="0" branch="false"/>
								<line number="52" hits="0" branch="false"/>
								<line number="53" hits="0" branch="false"/>
							</lines>
						</method>
						<method name="run" signature="()D" line-rate="0.0" branch-rate="0.0" complexity="0">
							<lines>
								<line number="27" hits="0" branch="true" condition-coverage="0% (0/2)">
									<conditions>
										<condition number="0" type="jump" coverage="0%"/>
									</conditions>
								</line>
								<line number="28" hits="0" branch="false"/>
								<line number="29" hits="0" branch="false"/>
								<line number="31" hits="0" branch="false"/>
								<line number="32" hits="0" branch="false"/>
								<line number="33" hits="0" branch="false"/>
								<line number="34" hits="0" branch="false"/>
								<line number="35" hits="0" branch="false"/>
								<line number="36" hits="0" branch="false"/>
								<line number="37" hits="0" branch="false"/>
								<line number="38" hits="0" branch="false"/>
								<line number="39" hits="0" branch="false"/>
								<line number="40" hits="0" branch="false"/>
							</lines>
						</method>
					</methods>
					<lines>
						<line number="12" hits="0" branch="false"/>
						<line number="15" hits="0" branch="false"/>
						<line number="21" hits="0" branch="false"/>
						<line number="27" hits="0" branch="true" condition-coverage="0% (0/2)">
							<conditions>
								<condition number="0" type="jump" coverage="0%"/>
							</conditions>
						</line>
						<line number="28" hits="0" branch="false"/>
						<line number="29" hits="0" branch="false"/>
						<line number="31" hits="0" branch="false"/>
						<line number="32" hits="0" branch="false"/>
						<line number="33" hits="0" branch="false"/>
						<line number="34" hits="0" branch="false"/>
						<line number="35" hits="0" branch="false"/>
						<line number="36" hits="0" branch="false"/>
						<line number="37" hits="0" branch="false"/>
						<line number="38" hits="0" branch="false"/>
						<line number="39" hits="0" branch="false"/>
						<line number="40" hits="0" branch="false"/>
						<line number="46" hits="0" branch="false"/>
						<line number="48" hits="0" branch="false"/>
						<line number="49" hits="0" branch="false"/>
						<line number="50" hits="0" branch="false"/>
						<line number="51" hits="0" branch="false"/>
						<line number="52" hits="0" branch="false"/>
						<line number="53" hits="0" branch="false"/>
						<line number="58" hits="0" branch="false"/>
						<line number="59" hits="0" branch="false"/>
						<line number="60" hits="0" branch="false"/>
						<line number="61" hits="0" branch="false"/>
						<line number="65" hits="0" branch="false"/>
						<line number="66" hits="0" branch="true" condition-coverage="0% (0/2)">
							<conditions>
								<condition number="0" type="jump" coverage="0%"/>
							</conditions>
						</line>
						<line number="67" hits="0" branch="false"/>
						<line number="68" hits="0" branch="false"/>
						<line number="69" hits="0" branch="false"/>
						<line number="70" hits="0" branch="true" condition-coverage="0% (0/2)">
							<conditions>
								<condition number="0" type="jump" coverage="0%"/>
							</conditions>
						</line>
						<line number="71" hits="0" branch="false"/>
						<line number="72" hits="0" branch="false"/>
						<line number="73" hits="0" branch="false"/>
						<line number="75" hits="0" branch="false"/>
						<line number="76" hits="0" branch="true" condition-coverage="0% (0/4)">
							<conditions>
								<condition number="0" type="jump" coverage="0%"/>
								<condition number="1" type="jump" coverage="0%"/>
							</conditions>
						</line>
						<line number="80" hits="0" branch="true" condition-coverage="0% (0/2)">
							<conditions>
								<condition number="0" type="jump" coverage="0%"/>
							</conditions>
						</line>
						<line number="82" hits="0" branch="false"/>
						<line number="84" hits="0" branch="false"/>
						<line number="90" hits="0" branch="false"/>
					</lines>
				</class>
				<class name="com.geophile.util.Stopwatch" filename="com/geophile/util/Stopwatch.java" line-rate="0.7142857142857143" branch-rate="1.0" complexity="1.0">
					<methods>
						<method name="&lt;init&gt;" signature="()V" line-rate="1.0" branch-rate="1.0" complexity="0">
							<lines>
								<line number="30" hits="352" branch="false"/>
								<line number="31" hits="352" branch="false"/>
								<line number="32" hits="352" branch="false"/>
								<line number="35" hits="352" branch="false"/>
							</lines>
						</method>
						<method name="nSec" signature="()J" line-rate="0.0" branch-rate="1.0" complexity="0">
							<lines>
								<line number="26" hits="0" branch="false"/>
							</lines>
						</method>
						<method name="reset" signature="()V" line-rate="0.0" branch-rate="1.0" complexity="0">
							<lines>
								<line number="20" hits="0" branch="false"/>
								<line number="21" hits="0" branch="false"/>
								<line number="22" hits="0" branch="false"/>
							</lines>
						</method>
						<method name="start" signature="()V" line-rate="1.0" branch-rate="1.0" complexity="0">
							<lines>
								<line number="7" hits="88512" branch="false"/>
								<line number="8" hits="88512" branch="false"/>
							</lines>
						</method>
						<method name="stop" signature="()J" line-rate="1.0" branch-rate="1.0" complexity="0">
							<lines>
								<line number="12" hits="88160" branch="false"/>
								<line number="13" hits="88160" branch="false"/>
								<line number="14" hits="88160" branch="false"/>
								<line number="15" hits="88160" branch="false"/>
							</lines>
						</method>
					</methods>
					<lines>
						<line number="7" hits="88512" branch="false"/>
						<line number="8" hits="88512" branch="false"/>
						<line number="12" hits="88160" branch="false"/>
						<line number="13" hits="88160" branch="false"/>
						<line number="14" hits="88160" branch="false"/>
						<line number="15" hits="88160" branch="false"/>
						<line number="20" hits="0" branch="false"/>
						<line number="21" hits="0" branch="false"/>
						<line number="22" hits="0" branch="false"/>
						<line number="26" hits="0" branch="false"/>
						<line number="30" hits="352" branch="false"/>
						<line number="31" hits="352" branch="false"/>
						<line number="32" hits="352" branch="false"/>
						<line number="35" hits="352" branch="false"/>
					</lines>
				</class>
			</classes>
		</package>
		<package name="com.geophile.z" line-rate="0.7640449438202247" branch-rate="0.4166666666666667" complexity="1.1111111111111112">
			<classes>
				<class name="com.geophile.z.Cursor" filename="com/geophile/z/Cursor.java" line-rate="0.9473684210526315" branch-rate="0.5" complexity="1.2222222222222223">
					<methods>
						<method name="&lt;clinit&gt;" signature="()V" line-rate="1.0" branch-rate="1.0" complexity="0">
							<lines>
								<line number="11" hits="11" branch="false"/>
							</lines>
						</method>
						<method name="&lt;init&gt;" signature="(Lcom/geophile/z/Index;)V" line-rate="1.0" branch-rate="0.5" complexity="0">
							<lines>
								<line number="102" hits="132375" branch="false"/>
								<line number="103" hits="132375" branch="false"/>
								<line number="104" hits="132375" branch="true" condition-coverage="50% (1/2)">
									<conditions>
										<condition number="0" type="jump" coverage="50%"/>
									</conditions>
								</line>
								<line number="105" hits="132375" branch="false"/>
								<line number="111" hits="132375" branch="false"/>
							</lines>
						</method>
						<method name="close" signature="()V" line-rate="1.0" branch-rate="1.0" complexity="0">
							<lines>
								<line number="69" hits="51488" branch="false"/>
								<line number="70" hits="51488" branch="false"/>
								<line number="71" hits="51488" branch="false"/>
							</lines>
						</method>
						<method name="current" signature="()Lcom/geophile/z/Record;" line-rate="1.0" branch-rate="1.0" complexity="0">
							<lines>
								<line number="77" hits="20550394" branch="false"/>
							</lines>
						</method>
						<method name="current" signature="(Lcom/geophile/z/Record;)V" line-rate="0.8" branch-rate="0.5" complexity="0">
							<lines>
								<line number="82" hits="20500751" branch="true" condition-coverage="50% (2/4)">
									<conditions>
										<condition number="0" type="jump" coverage="50%"/>
										<condition number="1" type="jump" coverage="50%"/>
									</conditions>
								</line>
								<line number="83" hits="20500751" branch="true" condition-coverage="50% (1/2)">
									<conditions>
										<condition number="0" type="jump" coverage="50%"/>
									</conditions>
								</line>
								<line number="84" hits="20500751" branch="false"/>
								<line number="86" hits="0" branch="false"/>
								<line number="88" hits="20500751" branch="false"/>
							</lines>
						</method>
						<method name="state" signature="()Lcom/geophile/z/Cursor$State;" line-rate="1.0" branch-rate="1.0" complexity="0">
							<lines>
								<line number="92" hits="20610034" branch="false"/>
							</lines>
						</method>
						<method name="state" signature="(Lcom/geophile/z/Cursor$State;)V" line-rate="1.0" branch-rate="0.5" complexity="0">
							<lines>
								<line number="97" hits="27538868" branch="true" condition-coverage="50% (2/4)">
									<conditions>
										<condition number="0" type="jump" coverage="50%"/>
										<condition number="1" type="jump" coverage="50%"/>
									</conditions>
								</line>
								<line number="98" hits="27538868" branch="false"/>
								<line number="99" hits="27538868" branch="false"/>
							</lines>
						</method>
					</methods>
					<lines>
						<line number="11" hits="11" branch="false"/>
						<line number="69" hits="51488" branch="false"/>
						<line number="70" hits="51488" branch="false"/>
						<line number="71" hits="51488" branch="false"/>
						<line number="77" hits="20550394" branch="false"/>
						<line number="82" hits="20500751" branch="true" condition-coverage="50% (2/4)">
							<conditions>
								<condition number="0" type="jump" coverage="50%"/>
								<condition number="1" type="jump" coverage="50%"/>
							</conditions>
						</line>
						<line number="83" hits="20500751" branch="true" condition-coverage="50% (1/2)">
							<conditions>
								<condition number="0" type="jump" coverage="50%"/>
							</conditions>
						</line>
						<line number="84" hits="20500751" branch="false"/>
						<line number="86" hits="0" branch="false"/>
						<line number="88" hits="20500751" branch="false"/>
						<line number="92" hits="20610034" branch="false"/>
						<line number="97" hits="27538868" branch="true" condition-coverage="50% (2/4)">
							<conditions>
								<condition number="0" type="jump" coverage="50%"/>
								<condition number="1" type="jump" coverage="50%"/>
							</conditions>
						</line>
						<line number="98" hits="27538868" branch="false"/>
						<line number="99" hits="27538868" branch="false"/>
						<line number="102" hits="132375" branch="false"/>
						<line number="103" hits="132375" branch="false"/>
						<line number="104" hits="132375" branch="true" condition-coverage="50% (1/2)">
							<conditions>
								<condition number="0" type="jump" coverage="50%"/>
							</conditions>
						</line>
						<line number="105" hits="132375" branch="false"/>
						<line number="111" hits="132375" branch="false"/>
					</lines>
				</class>
				<class name="com.geophile.z.Cursor$State" filename="com/geophile/z/Cursor.java" line-rate="1.0" branch-rate="1.0" complexity="1.2222222222222223">
					<methods>
						<method name="&lt;clinit&gt;" signature="()V" line-rate="1.0" branch-rate="1.0" complexity="0">
							<lines>
								<line number="115" hits="60" branch="false"/>
								<line number="120" hits="11" branch="false"/>
								<line number="124" hits="11" branch="false"/>
								<line number="127" hits="11" branch="false"/>
							</lines>
						</method>
						<method name="&lt;init&gt;" signature="(Ljava/lang/String;I)V" line-rate="1.0" branch-rate="1.0" complexity="0">
							<lines>
							</lines>
						</method>
						<method name="valueOf" signature="(Ljava/lang/String;)Lcom/geophile/z/Cursor$State;" line-rate="1.0" branch-rate="1.0" complexity="0">
							<lines>
							</lines>
						</method>
						<method name="values" signature="()[Lcom/geophile/z/Cursor$State;" line-rate="1.0" branch-rate="1.0" complexity="0">
							<lines>
							</lines>
						</method>
					</methods>
					<lines>
						<line number="115" hits="60" branch="false"/>
						<line number="120" hits="11" branch="false"/>
						<line number="124" hits="11" branch="false"/>
						<line number="127" hits="11" branch="false"/>
					</lines>
				</class>
				<class name="com.geophile.z.DuplicateRecordException" filename="com/geophile/z/DuplicateRecordException.java" line-rate="0.0" branch-rate="1.0" complexity="1.0">
					<methods>
						<method name="&lt;init&gt;" signature="(Lcom/geophile/z/Record;)V" line-rate="0.0" branch-rate="1.0" complexity="0">
							<lines>
								<line number="18" hits="0" branch="false"/>
								<line number="19" hits="0" branch="false"/>
							</lines>
						</method>
					</methods>
					<lines>
						<line number="18" hits="0" branch="false"/>
						<line number="19" hits="0" branch="false"/>
					</lines>
				</class>
				<class name="com.geophile.z.Index" filename="com/geophile/z/Index.java" line-rate="1.0" branch-rate="1.0" complexity="1.0">
					<methods>
						<method name="&lt;init&gt;" signature="()V" line-rate="1.0" branch-rate="1.0" complexity="0">
							<lines>
								<line number="18" hits="85996" branch="false"/>
							</lines>
						</method>
						<method name="newKeyRecord" signature="()Lcom/geophile/z/Record;" line-rate="1.0" branch-rate="1.0" complexity="0">
							<lines>
								<line number="68" hits="807919" branch="false"/>
							</lines>
						</method>
					</methods>
					<lines>
						<line number="18" hits="85996" branch="false"/>
						<line number="68" hits="807919" branch="false"/>
					</lines>
				</class>
				<class name="com.geophile.z.Pair" filename="com/geophile/z/Pair.java" line-rate="0.5882352941176471" branch-rate="0.3333333333333333" complexity="1.8333333333333333">
					<methods>
						<method name="&lt;init&gt;" signature="(Lcom/geophile/z/Record;Lcom/geophile/z/Record;)V" line-rate="1.0" branch-rate="1.0" complexity="0">
							<lines>
								<line number="41" hits="11764623" branch="false"/>
								<line number="42" hits="11764623" branch="false"/>
								<line number="43" hits="11764623" branch="false"/>
								<line number="44" hits="11764623" branch="false"/>
							</lines>
						</method>
						<method name="equals" signature="(Ljava/lang/Object;)Z" line-rate="0.3333333333333333" branch-rate="0.3333333333333333" complexity="0">
							<lines>
								<line number="22" hits="-286442102" branch="false"/>
								<line number="23" hits="-286442102" branch="true" condition-coverage="0% (0/4)">
									<conditions>
										<condition number="0" type="jump" coverage="0%"/>
										<condition number="1" type="jump" coverage="0%"/>
									</conditions>
								</line>
								<line number="24" hits="-286442102" branch="false"/>
								<line number="25" hits="-286442102" branch="false"/>
								<line number="26" hits="-286442102" branch="true" condition-coverage="50% (1/2)">
									<conditions>
										<condition number="0" type="jump" coverage="50%"/>
									</conditions>
								</line>
								<line number="27" hits="6413038" branch="true" condition-coverage="50% (1/2)">
									<conditions>
										<condition number="0" type="jump" coverage="50%"/>
									</conditions>
								</line>
								<line number="28" hits="6413038" branch="true" condition-coverage="50% (1/2)">
									<conditions>
										<condition number="0" type="jump" coverage="50%"/>
									</conditions>
								</line>
								<line number="29" hits="6413038" branch="true" condition-coverage="50% (1/2)">
									<conditions>
										<condition number="0" type="jump" coverage="50%"/>
									</conditions>
								</line>
								<line number="31" hits="-286442102" branch="false"/>
							</lines>
						</method>
						<method name="hashCode" signature="()I" line-rate="1.0" branch-rate="1.0" complexity="0">
							<lines>
								<line number="37" hits="14224003" branch="false"/>
							</lines>
						</method>
						<method name="left" signature="()Lcom/geophile/z/Record;" line-rate="1.0" branch-rate="1.0" complexity="0">
							<lines>
								<line number="54" hits="4" branch="false"/>
							</lines>
						</method>
						<method name="right" signature="()Lcom/geophile/z/Record;" line-rate="1.0" branch-rate="1.0" complexity="0">
							<lines>
								<line number="63" hits="3959117" branch="false"/>
							</lines>
						</method>
						<method name="toString" signature="()Ljava/lang/String;" line-rate="0.0" branch-rate="1.0" complexity="0">
							<lines>
								<line number="16" hits="0" branch="false"/>
							</lines>
						</method>
					</methods>
					<lines>
						<line number="16" hits="0" branch="false"/>
						<line number="22" hits="-286442102" branch="false"/>
						<line number="23" hits="-286442102" branch="true" condition-coverage="0% (0/4)">
							<conditions>
								<condition number="0" type="jump" coverage="0%"/>
								<condition number="1" type="jump" coverage="0%"/>
							</conditions>
						</line>
						<line number="24" hits="-286442102" branch="false"/>
						<line number="25" hits="-286442102" branch="false"/>
						<line number="26" hits="-286442102" branch="true" condition-coverage="50% (1/2)">
							<conditions>
								<condition number="0" type="jump" coverage="50%"/>
							</conditions>
						</line>
						<line number="27" hits="6413038" branch="true" condition-coverage="50% (1/2)">
							<conditions>
								<condition number="0" type="jump" coverage="50%"/>
							</conditions>
						</line>
						<line number="28" hits="6413038" branch="true" condition-coverage="50% (1/2)">
							<conditions>
								<condition number="0" type="jump" coverage="50%"/>
							</conditions>
						</line>
						<line number="29" hits="6413038" branch="true" condition-coverage="50% (1/2)">
							<conditions>
								<condition number="0" type="jump" coverage="50%"/>
							</conditions>
						</line>
						<line number="31" hits="-286442102" branch="false"/>
						<line number="37" hits="14224003" branch="false"/>
						<line number="41" hits="11764623" branch="false"/>
						<line number="42" hits="11764623" branch="false"/>
						<line number="43" hits="11764623" branch="false"/>
						<line number="44" hits="11764623" branch="false"/>
						<line number="54" hits="4" branch="false"/>
						<line number="63" hits="3959117" branch="false"/>
					</lines>
				</class>
				<class name="com.geophile.z.Record" filename="com/geophile/z/Record.java" line-rate="1.0" branch-rate="1.0" complexity="1.0">
					<methods>
					</methods>
					<lines>
					</lines>
				</class>
				<class name="com.geophile.z.Record$Factory" filename="com/geophile/z/Record.java" line-rate="1.0" branch-rate="1.0" complexity="1.0">
					<methods>
					</methods>
					<lines>
					</lines>
				</class>
				<class name="com.geophile.z.Record$Filter" filename="com/geophile/z/Record.java" line-rate="1.0" branch-rate="1.0" complexity="1.0">
					<methods>
					</methods>
					<lines>
					</lines>
				</class>
				<class name="com.geophile.z.SingleCellException" filename="com/geophile/z/SingleCellException.java" line-rate="0.0" branch-rate="1.0" complexity="1.0">
					<methods>
						<method name="&lt;init&gt;" signature="(Lcom/geophile/z/SpatialObject;)V" line-rate="0.0" branch-rate="1.0" complexity="0">
							<lines>
								<line number="18" hits="0" branch="false"/>
								<line number="19" hits="0" branch="false"/>
							</lines>
						</method>
					</methods>
					<lines>
						<line number="18" hits="0" branch="false"/>
						<line number="19" hits="0" branch="false"/>
					</lines>
				</class>
				<class name="com.geophile.z.Space" filename="com/geophile/z/Space.java" line-rate="0.7142857142857143" branch-rate="1.0" complexity="1.0">
					<methods>
						<method name="&lt;init&gt;" signature="([D[D)V" line-rate="1.0" branch-rate="1.0" complexity="0">
							<lines>
								<line number="119" hits="34" branch="false"/>
								<line number="120" hits="34" branch="false"/>
								<line number="121" hits="34" branch="false"/>
							</lines>
						</method>
						<method name="newSpace" signature="([D[D[I)Lcom/geophile/z/Space;" line-rate="1.0" branch-rate="1.0" complexity="0">
							<lines>
								<line number="89" hits="19" branch="false"/>
							</lines>
						</method>
						<method name="newSpace" signature="([D[D[I[I)Lcom/geophile/z/Space;" line-rate="1.0" branch-rate="1.0" complexity="0">
							<lines>
								<line number="108" hits="21" branch="false"/>
							</lines>
						</method>
						<method name="zHi" signature="(J)J" line-rate="0.0" branch-rate="1.0" complexity="0">
							<lines>
								<line number="75" hits="0" branch="false"/>
							</lines>
						</method>
						<method name="zLo" signature="(J)J" line-rate="0.0" branch-rate="1.0" complexity="0">
							<lines>
								<line number="66" hits="0" branch="false"/>
							</lines>
						</method>
					</methods>
					<lines>
						<line number="66" hits="0" branch="false"/>
						<line number="75" hits="0" branch="false"/>
						<line number="89" hits="19" branch="false"/>
						<line number="108" hits="21" branch="false"/>
						<line number="119" hits="34" branch="false"/>
						<line number="120" hits="34" branch="false"/>
						<line number="121" hits="34" branch="false"/>
					</lines>
				</class>
				<class name="com.geophile.z.SpatialIndex" filename="com/geophile/z/SpatialIndex.java" line-rate="1.0" branch-rate="1.0" complexity="1.0">
					<methods>
						<method name="&lt;init&gt;" signature="(Lcom/geophile/z/space/SpaceImpl;Lcom/geophile/z/Index;Lcom/geophile/z/SpatialIndex$Options;)V" line-rate="1.0" branch-rate="1.0" complexity="0">
							<lines>
								<line number="121" hits="85871" branch="false"/>
								<line number="122" hits="85871" branch="false"/>
								<line number="123" hits="85871" branch="false"/>
								<line number="124" hits="85871" branch="false"/>
								<line number="125" hits="85871" branch="false"/>
							</lines>
						</method>
						<method name="add" signature="(Lcom/geophile/z/SpatialObject;Lcom/geophile/z/Record$Factory;)V" line-rate="1.0" branch-rate="1.0" complexity="0">
							<lines>
								<line number="45" hits="10664907" branch="false"/>
								<line number="46" hits="10664907" branch="false"/>
							</lines>
						</method>
						<method name="newSpatialIndex" signature="(Lcom/geophile/z/Space;Lcom/geophile/z/Index;)Lcom/geophile/z/SpatialIndex;" line-rate="1.0" branch-rate="1.0" complexity="0">
							<lines>
								<line number="99" hits="26095" branch="false"/>
							</lines>
						</method>
						<method name="newSpatialIndex" signature="(Lcom/geophile/z/Space;Lcom/geophile/z/Index;Lcom/geophile/z/SpatialIndex$Options;)Lcom/geophile/z/SpatialIndex;" line-rate="1.0" branch-rate="1.0" complexity="0">
							<lines>
								<line number="115" hits="76860" branch="false"/>
							</lines>
						</method>
						<method name="remove" signature="(Lcom/geophile/z/SpatialObject;Lcom/geophile/z/Record$Filter;)Z" line-rate="1.0" branch-rate="1.0" complexity="0">
							<lines>
								<line number="71" hits="37540" branch="false"/>
							</lines>
						</method>
						<method name="space" signature="()Lcom/geophile/z/Space;" line-rate="1.0" branch-rate="1.0" complexity="0">
							<lines>
								<line number="31" hits="70930" branch="false"/>
							</lines>
						</method>
					</methods>
					<lines>
						<line number="31" hits="70930" branch="false"/>
						<line number="45" hits="10664907" branch="false"/>
						<line number="46" hits="10664907" branch="false"/>
						<line number="71" hits="37540" branch="false"/>
						<line number="99" hits="26095" branch="false"/>
						<line number="115" hits="76860" branch="false"/>
						<line number="121" hits="85871" branch="false"/>
						<line number="122" hits="85871" branch="false"/>
						<line number="123" hits="85871" branch="false"/>
						<line number="124" hits="85871" branch="false"/>
						<line number="125" hits="85871" branch="false"/>
					</lines>
				</class>
				<class name="com.geophile.z.SpatialIndex$Exception" filename="com/geophile/z/SpatialIndex.java" line-rate="0.0" branch-rate="1.0" complexity="1.0">
					<methods>
						<method name="&lt;init&gt;" signature="(Ljava/lang/String;)V" line-rate="0.0" branch-rate="1.0" complexity="0">
							<lines>
								<line number="145" hits="0" branch="false"/>
								<line number="146" hits="0" branch="false"/>
							</lines>
						</method>
					</methods>
					<lines>
						<line number="145" hits="0" branch="false"/>
						<line number="146" hits="0" branch="false"/>
					</lines>
				</class>
				<class name="com.geophile.z.SpatialIndex$Options" filename="com/geophile/z/SpatialIndex.java" line-rate="1.0" branch-rate="1.0" complexity="1.0">
					<methods>
						<method name="&lt;clinit&gt;" signature="()V" line-rate="1.0" branch-rate="1.0" complexity="0">
							<lines>
								<line number="139" hits="24" branch="false"/>
							</lines>
						</method>
						<method name="&lt;init&gt;" signature="(Ljava/lang/String;I)V" line-rate="1.0" branch-rate="1.0" complexity="0">
							<lines>
							</lines>
						</method>
						<method name="valueOf" signature="(Ljava/lang/String;)Lcom/geophile/z/SpatialIndex$Options;" line-rate="1.0" branch-rate="1.0" complexity="0">
							<lines>
							</lines>
						</method>
						<method name="values" signature="()[Lcom/geophile/z/SpatialIndex$Options;" line-rate="1.0" branch-rate="1.0" complexity="0">
							<lines>
							</lines>
						</method>
					</methods>
					<lines>
						<line number="139" hits="24" branch="false"/>
					</lines>
				</class>
				<class name="com.geophile.z.SpatialJoin" filename="com/geophile/z/SpatialJoin.java" line-rate="0.75" branch-rate="1.0" complexity="1.0">
					<methods>
						<method name="&lt;init&gt;" signature="()V" line-rate="1.0" branch-rate="1.0" complexity="0">
							<lines>
								<line number="32" hits="35465" branch="false"/>
							</lines>
						</method>
						<method name="newSpatialJoin" signature="(Lcom/geophile/z/SpatialJoin$Duplicates;)Lcom/geophile/z/SpatialJoin;" line-rate="0.0" branch-rate="1.0" complexity="0">
							<lines>
								<line number="81" hits="0" branch="false"/>
							</lines>
						</method>
						<method name="newSpatialJoin" signature="(Lcom/geophile/z/SpatialJoin$Duplicates;Lcom/geophile/z/SpatialJoin$Filter;)Lcom/geophile/z/SpatialJoin;" line-rate="1.0" branch-rate="1.0" complexity="0">
							<lines>
								<line number="69" hits="10465" branch="false"/>
							</lines>
						</method>
						<method name="newSpatialJoin" signature="(Lcom/geophile/z/SpatialJoin$Duplicates;Lcom/geophile/z/SpatialJoin$Filter;Lcom/geophile/z/SpatialJoin$InputObserver;Lcom/geophile/z/SpatialJoin$InputObserver;)Lcom/geophile/z/SpatialJoin;" line-rate="1.0" branch-rate="1.0" complexity="0">
							<lines>
								<line number="52" hits="25000" branch="false"/>
							</lines>
						</method>
					</methods>
					<lines>
						<line number="32" hits="35465" branch="false"/>
						<line number="52" hits="25000" branch="false"/>
						<line number="69" hits="10465" branch="false"/>
						<line number="81" hits="0" branch="false"/>
					</lines>
				</class>
				<class name="com.geophile.z.SpatialJoin$Duplicates" filename="com/geophile/z/SpatialJoin.java" line-rate="1.0" branch-rate="1.0" complexity="1.0">
					<methods>
						<method name="&lt;clinit&gt;" signature="()V" line-rate="1.0" branch-rate="1.0" complexity="0">
							<lines>
								<line number="120" hits="24" branch="false"/>
								<line number="126" hits="8" branch="false"/>
								<line number="133" hits="8" branch="false"/>
							</lines>
						</method>
						<method name="&lt;init&gt;" signature="(Ljava/lang/String;I)V" line-rate="1.0" branch-rate="1.0" complexity="0">
							<lines>
							</lines>
						</method>
						<method name="valueOf" signature="(Ljava/lang/String;)Lcom/geophile/z/SpatialJoin$Duplicates;" line-rate="1.0" branch-rate="1.0" complexity="0">
							<lines>
							</lines>
						</method>
						<method name="values" signature="()[Lcom/geophile/z/SpatialJoin$Duplicates;" line-rate="1.0" branch-rate="1.0" complexity="0">
							<lines>
							</lines>
						</method>
					</methods>
					<lines>
						<line number="120" hits="24" branch="false"/>
						<line number="126" hits="8" branch="false"/>
						<line number="133" hits="8" branch="false"/>
					</lines>
				</class>
				<class name="com.geophile.z.SpatialJoin$Filter" filename="com/geophile/z/SpatialJoin.java" line-rate="1.0" branch-rate="1.0" complexity="1.0">
					<methods>
					</methods>
					<lines>
					</lines>
				</class>
				<class name="com.geophile.z.SpatialJoin$InputObserver" filename="com/geophile/z/SpatialJoin.java" line-rate="1.0" branch-rate="1.0" complexity="1.0">
					<methods>
						<method name="&lt;init&gt;" signature="()V" line-rate="1.0" branch-rate="1.0" complexity="0">
							<lines>
								<line number="139" hits="25008" branch="false"/>
							</lines>
						</method>
						<method name="ancestorSearch" signature="(Lcom/geophile/z/Cursor;JJ)V" line-rate="1.0" branch-rate="1.0" complexity="0">
							<lines>
								<line number="182" hits="725759" branch="false"/>
							</lines>
						</method>
						<method name="enter" signature="(J)V" line-rate="1.0" branch-rate="1.0" complexity="0">
							<lines>
								<line number="146" hits="12226423" branch="false"/>
							</lines>
						</method>
						<method name="exit" signature="(J)V" line-rate="1.0" branch-rate="1.0" complexity="0">
							<lines>
								<line number="153" hits="11323774" branch="false"/>
							</lines>
						</method>
						<method name="randomAccess" signature="(Lcom/geophile/z/Cursor;J)V" line-rate="1.0" branch-rate="1.0" complexity="0">
							<lines>
								<line number="162" hits="6379162" branch="false"/>
							</lines>
						</method>
						<method name="sequentialAccess" signature="(Lcom/geophile/z/Cursor;JLcom/geophile/z/Record;)V" line-rate="1.0" branch-rate="1.0" complexity="0">
							<lines>
								<line number="173" hits="16753936" branch="false"/>
							</lines>
						</method>
					</methods>
					<lines>
						<line number="139" hits="25008" branch="false"/>
						<line number="146" hits="12226423" branch="false"/>
						<line number="153" hits="11323774" branch="false"/>
						<line number="162" hits="6379162" branch="false"/>
						<line number="173" hits="16753936" branch="false"/>
						<line number="182" hits="725759" branch="false"/>
					</lines>
				</class>
				<class name="com.geophile.z.SpatialJoinException" filename="com/geophile/z/SpatialJoinException.java" line-rate="1.0" branch-rate="1.0" complexity="1.0">
					<methods>
						<method name="&lt;init&gt;" signature="(Ljava/lang/String;)V" line-rate="1.0" branch-rate="1.0" complexity="0">
							<lines>
								<line number="13" hits="2" branch="false"/>
								<line number="14" hits="2" branch="false"/>
							</lines>
						</method>
					</methods>
					<lines>
						<line number="13" hits="2" branch="false"/>
						<line number="14" hits="2" branch="false"/>
					</lines>
				</class>
				<class name="com.geophile.z.SpatialJoinRuntimeException" filename="com/geophile/z/SpatialJoinRuntimeException.java" line-rate="0.0" branch-rate="1.0" complexity="1.0">
					<methods>
						<method name="&lt;init&gt;" signature="(Ljava/lang/Throwable;)V" line-rate="0.0" branch-rate="1.0" complexity="0">
							<lines>
								<line number="17" hits="0" branch="false"/>
								<line number="18" hits="0" branch="false"/>
							</lines>
						</method>
					</methods>
					<lines>
						<line number="17" hits="0" branch="false"/>
						<line number="18" hits="0" branch="false"/>
					</lines>
				</class>
				<class name="com.geophile.z.SpatialObject" filename="com/geophile/z/SpatialObject.java" line-rate="1.0" branch-rate="1.0" complexity="1.0">
					<methods>
					</methods>
					<lines>
					</lines>
				</class>
				<class name="com.geophile.z.SpatialObjectException" filename="com/geophile/z/SpatialObjectException.java" line-rate="0.6" branch-rate="1.0" complexity="1.3333333333333333">
					<methods>
						<method name="&lt;init&gt;" signature="(Ljava/lang/String;)V" line-rate="1.0" branch-rate="1.0" complexity="0">
							<lines>
								<line number="24" hits="1" branch="false"/>
								<line number="25" hits="1" branch="false"/>
							</lines>
						</method>
						<method name="&lt;init&gt;" signature="(Ljava/lang/Throwable;)V" line-rate="0.0" branch-rate="1.0" complexity="0">
							<lines>
								<line number="29" hits="0" branch="false"/>
								<line number="30" hits="0" branch="false"/>
							</lines>
						</method>
						<method name="notContainedBySpace" signature="(Lcom/geophile/z/SpatialObject;Lcom/geophile/z/Space;)Lcom/geophile/z/SpatialObjectException;" line-rate="1.0" branch-rate="1.0" complexity="0">
							<lines>
								<line number="19" hits="1" branch="false"/>
							</lines>
						</method>
					</methods>
					<lines>
						<line number="19" hits="1" branch="false"/>
						<line number="24" hits="1" branch="false"/>
						<line number="25" hits="1" branch="false"/>
						<line number="29" hits="0" branch="false"/>
						<line number="30" hits="0" branch="false"/>
					</lines>
				</class>
			</classes>
		</package>
		<package name="com.geophile.z.index" line-rate="0.7" branch-rate="0.5" complexity="1.5454545454545454">
			<classes>
				<class name="com.geophile.z.index.RecordWithSpatialObject" filename="com/geophile/z/index/RecordWithSpatialObject.java" line-rate="0.875" branch-rate="0.5" complexity="1.5454545454545454">
					<methods>
						<method name="&lt;init&gt;" signature="()V" line-rate="1.0" branch-rate="1.0" complexity="0">
							<lines>
								<line number="78" hits="151215960" branch="false"/>
								<line number="79" hits="151215960" branch="false"/>
							</lines>
						</method>
						<method name="copyTo" signature="(Lcom/geophile/z/Record;)V" line-rate="0.8571428571428571" branch-rate="0.5" complexity="0">
							<lines>
								<line number="55" hits="69217071" branch="true" condition-coverage="50% (1/2)">
									<conditions>
										<condition number="0" type="jump" coverage="50%"/>
									</conditions>
								</line>
								<line number="56" hits="0" branch="false"/>
								<line number="58" hits="69217071" branch="false"/>
								<line number="59" hits="69217071" branch="false"/>
								<line number="60" hits="69217071" branch="false"/>
								<line number="61" hits="69217071" branch="false"/>
								<line number="62" hits="69217071" branch="false"/>
							</lines>
						</method>
						<method name="equals" signature="(Ljava/lang/Object;)Z" line-rate="1.0" branch-rate="0.5" complexity="0">
							<lines>
								<line number="31" hits="13530060" branch="false"/>
								<line number="32" hits="13530060" branch="true" condition-coverage="50% (2/4)">
									<conditions>
										<condition number="0" type="jump" coverage="50%"/>
										<condition number="1" type="jump" coverage="50%"/>
									</conditions>
								</line>
								<line number="33" hits="13530060" branch="false"/>
								<line number="34" hits="13530060" branch="true" condition-coverage="50% (1/2)">
									<conditions>
										<condition number="0" type="jump" coverage="50%"/>
									</conditions>
								</line>
								<line number="36" hits="13530060" branch="true" condition-coverage="50% (1/2)">
									<conditions>
										<condition number="0" type="jump" coverage="50%"/>
									</conditions>
								</line>
								<line number="38" hits="13530060" branch="false"/>
							</lines>
						</method>
						<method name="hashCode" signature="()I" line-rate="0.0" branch-rate="1.0" complexity="0">
							<lines>
								<line number="25" hits="-531351928" branch="false"/>
							</lines>
						</method>
						<method name="spatialObject" signature="()Lcom/geophile/z/SpatialObject;" line-rate="1.0" branch-rate="1.0" complexity="0">
							<lines>
								<line number="68" hits="1436529421" branch="false"/>
							</lines>
						</method>
						<method name="spatialObject" signature="(Lcom/geophile/z/SpatialObject;)V" line-rate="1.0" branch-rate="0.5" complexity="0">
							<lines>
								<line number="73" hits="80644331" branch="false"/>
								<line number="74" hits="80644331" branch="true" condition-coverage="50% (1/2)">
									<conditions>
										<condition number="0" type="jump" coverage="50%"/>
									</conditions>
								</line>
								<line number="75" hits="80644331" branch="false"/>
							</lines>
						</method>
						<method name="toString" signature="()Ljava/lang/String;" line-rate="0.0" branch-rate="1.0" complexity="0">
							<lines>
								<line number="19" hits="0" branch="false"/>
							</lines>
						</method>
						<method name="z" signature="()J" line-rate="1.0" branch-rate="1.0" complexity="0">
							<lines>
								<line number="45" hits="217252229" branch="false"/>
							</lines>
						</method>
						<method name="z" signature="(J)V" line-rate="1.0" branch-rate="1.0" complexity="0">
							<lines>
								<line number="50" hits="78430659" branch="false"/>
								<line number="51" hits="78430659" branch="false"/>
							</lines>
						</method>
					</methods>
					<lines>
						<line number="19" hits="0" branch="false"/>
						<line number="25" hits="-531351928" branch="false"/>
						<line number="31" hits="13530060" branch="false"/>
						<line number="32" hits="13530060" branch="true" condition-coverage="50% (2/4)">
							<conditions>
								<condition number="0" type="jump" coverage="50%"/>
								<condition number="1" type="jump" coverage="50%"/>
							</conditions>
						</line>
						<line number="33" hits="13530060" branch="false"/>
						<line number="34" hits="13530060" branch="true" condition-coverage="50% (1/2)">
							<conditions>
								<condition number="0" type="jump" coverage="50%"/>
							</conditions>
						</line>
						<line number="36" hits="13530060" branch="true" condition-coverage="50% (1/2)">
							<conditions>
								<condition number="0" type="jump" coverage="50%"/>
							</conditions>
						</line>
						<line number="38" hits="13530060" branch="false"/>
						<line number="45" hits="217252229" branch="false"/>
						<line number="50" hits="78430659" branch="false"/>
						<line number="51" hits="78430659" branch="false"/>
						<line number="55" hits="69217071" branch="true" condition-coverage="50% (1/2)">
							<conditions>
								<condition number="0" type="jump" coverage="50%"/>
							</conditions>
						</line>
						<line number="56" hits="0" branch="false"/>
						<line number="58" hits="69217071" branch="false"/>
						<line number="59" hits="69217071" branch="false"/>
						<line number="60" hits="69217071" branch="false"/>
						<line number="61" hits="69217071" branch="false"/>
						<line number="62" hits="69217071" branch="false"/>
						<line number="68" hits="1436529421" branch="false"/>
						<line number="73" hits="80644331" branch="false"/>
						<line number="74" hits="80644331" branch="true" condition-coverage="50% (1/2)">
							<conditions>
								<condition number="0" type="jump" coverage="50%"/>
							</conditions>
						</line>
						<line number="75" hits="80644331" branch="false"/>
						<line number="78" hits="151215960" branch="false"/>
						<line number="79" hits="151215960" branch="false"/>
					</lines>
				</class>
				<class name="com.geophile.z.index.RecordWithSpatialObject$Factory" filename="com/geophile/z/index/RecordWithSpatialObject.java" line-rate="0.0" branch-rate="1.0" complexity="1.5454545454545454">
					<methods>
						<method name="&lt;init&gt;" signature="()V" line-rate="1.0" branch-rate="1.0" complexity="0">
							<lines>
							</lines>
						</method>
						<method name="newRecord" signature="()Lcom/geophile/z/Record;" line-rate="0.0" branch-rate="1.0" complexity="0">
							<lines>
								<line number="89" hits="0" branch="false"/>
							</lines>
						</method>
						<method name="newRecord" signature="()Lcom/geophile/z/index/RecordWithSpatialObject;" line-rate="0.0" branch-rate="1.0" complexity="0">
							<lines>
								<line number="94" hits="0" branch="false"/>
								<line number="95" hits="0" branch="false"/>
								<line number="96" hits="0" branch="false"/>
							</lines>
						</method>
						<method name="setup" signature="(Lcom/geophile/z/SpatialObject;)Lcom/geophile/z/index/RecordWithSpatialObject$Factory;" line-rate="0.0" branch-rate="1.0" complexity="0">
							<lines>
								<line number="101" hits="0" branch="false"/>
								<line number="102" hits="0" branch="false"/>
							</lines>
						</method>
					</methods>
					<lines>
						<line number="89" hits="0" branch="false"/>
						<line number="94" hits="0" branch="false"/>
						<line number="95" hits="0" branch="false"/>
						<line number="96" hits="0" branch="false"/>
						<line number="101" hits="0" branch="false"/>
						<line number="102" hits="0" branch="false"/>
					</lines>
				</class>
			</classes>
		</package>
		<package name="com.geophile.z.index.sortedarray" line-rate="0.9396551724137931" branch-rate="0.75" complexity="2.4545454545454546">
			<classes>
				<class name="com.geophile.z.index.sortedarray.SortedArray" filename="com/geophile/z/index/sortedarray/SortedArray.java" line-rate="0.9365079365079365" branch-rate="0.9117647058823529" complexity="2.2666666666666666">
					<methods>
						<method name="&lt;clinit&gt;" signature="()V" line-rate="1.0" branch-rate="1.0" complexity="0">
							<lines>
								<line number="163" hits="6" branch="false"/>
								<line number="165" hits="6" branch="false"/>
							</lines>
						</method>
						<method name="&lt;init&gt;" signature="()V" line-rate="1.0" branch-rate="1.0" complexity="0">
							<lines>
								<line number="122" hits="101554" branch="false"/>
								<line number="179" hits="50777" branch="false"/>
								<line number="181" hits="50777" branch="false"/>
								<line number="182" hits="50777" branch="false"/>
							</lines>
						</method>
						<method name="add" signature="(Lcom/geophile/z/Record;)V" line-rate="1.0" branch-rate="1.0" complexity="0">
							<lines>
								<line number="38" hits="543758" branch="false"/>
								<line number="39" hits="543758" branch="false"/>
								<line number="40" hits="543758" branch="false"/>
								<line number="41" hits="543758" branch="false"/>
							</lines>
						</method>
						<method name="binarySearch" signature="(Lcom/geophile/z/Record;)I" line-rate="1.0" branch-rate="1.0" complexity="0">
							<lines>
								<line number="128" hits="639632" branch="false"/>
							</lines>
						</method>
						<method name="blindUpdates" signature="()Z" line-rate="1.0" branch-rate="1.0" complexity="0">
							<lines>
								<line number="105" hits="396000" branch="false"/>
							</lines>
						</method>
						<method name="cursor" signature="()Lcom/geophile/z/Cursor;" line-rate="1.0" branch-rate="1.0" complexity="0">
							<lines>
								<line number="95" hits="25838" branch="false"/>
								<line number="96" hits="25838" branch="false"/>
							</lines>
						</method>
						<method name="deleteRecord" signature="(I)V" line-rate="1.0" branch-rate="1.0" complexity="0">
							<lines>
								<line number="133" hits="11000" branch="false"/>
								<line number="134" hits="11000" branch="false"/>
								<line number="135" hits="11000" branch="false"/>
							</lines>
						</method>
						<method name="ensureSorted" signature="()V" line-rate="1.0" branch-rate="1.0" complexity="0">
							<lines>
								<line number="141" hits="25838" branch="true" condition-coverage="100% (2/2)">
									<conditions>
										<condition number="0" type="jump" coverage="100%"/>
									</conditions>
								</line>
								<line number="142" hits="25485" branch="true" condition-coverage="100% (2/2)">
									<conditions>
										<condition number="0" type="jump" coverage="100%"/>
									</conditions>
								</line>
								<line number="143" hits="2" branch="false"/>
								<line number="145" hits="25483" branch="false"/>
								<line number="147" hits="25485" branch="false"/>
								<line number="149" hits="25838" branch="false"/>
							</lines>
						</method>
						<method name="ensureSpace" signature="(I)V" line-rate="1.0" branch-rate="1.0" complexity="0">
							<lines>
								<line number="153" hits="543758" branch="false"/>
								<line number="154" hits="543758" branch="true" condition-coverage="100% (2/2)">
									<conditions>
										<condition number="0" type="jump" coverage="100%"/>
									</conditions>
								</line>
								<line number="155" hits="50775" branch="false"/>
								<line number="156" hits="492983" branch="true" condition-coverage="100% (2/2)">
									<conditions>
										<condition number="0" type="jump" coverage="100%"/>
									</conditions>
								</line>
								<line number="157" hits="96" branch="false"/>
								<line number="159" hits="543758" branch="false"/>
							</lines>
						</method>
						<method name="remove" signature="(JLcom/geophile/z/Record$Filter;)Z" line-rate="0.9666666666666667" branch-rate="0.8846153846153846" complexity="0">
							<lines>
								<line number="46" hits="594000" branch="false"/>
								<line number="47" hits="594000" branch="false"/>
								<line number="48" hits="594000" branch="false"/>
								<line number="49" hits="594000" branch="false"/>
								<line number="50" hits="594000" branch="true" condition-coverage="100% (2/2)">
									<conditions>
										<condition number="0" type="jump" coverage="100%"/>
									</conditions>
								</line>
								<line number="53" hits="351720" branch="false"/>
								<line number="54" hits="351720" branch="false"/>
								<line number="55" hits="1190979" branch="true" condition-coverage="100% (6/6)">
									<conditions>
										<condition number="0" type="jump" coverage="100%"/>
										<condition number="1" type="jump" coverage="100%"/>
										<condition number="2" type="jump" coverage="100%"/>
									</conditions>
								</line>
								<line number="56" hits="839259" branch="false"/>
								<line number="57" hits="839259" branch="true" condition-coverage="100% (2/2)">
									<conditions>
										<condition number="0" type="jump" coverage="100%"/>
									</conditions>
								</line>
								<line number="58" hits="723969" branch="true" condition-coverage="100% (2/2)">
									<conditions>
										<condition number="0" type="jump" coverage="100%"/>
									</conditions>
								</line>
								<line number="59" hits="198000" branch="false"/>
								<line number="61" hits="525969" branch="false"/>
								<line number="64" hits="115290" branch="false"/>
								<line number="66" hits="839259" branch="false"/>
								<line number="67" hits="351720" branch="true" condition-coverage="100% (2/2)">
									<conditions>
										<condition number="0" type="jump" coverage="100%"/>
									</conditions>
								</line>
								<line number="69" hits="153720" branch="false"/>
								<line number="70" hits="153720" branch="false"/>
								<line number="71" hits="465606" branch="true" condition-coverage="66% (4/6)">
									<conditions>
										<condition number="0" type="jump" coverage="50%"/>
										<condition number="1" type="jump" coverage="100%"/>
										<condition number="2" type="jump" coverage="50%"/>
									</conditions>
								</line>
								<line number="72" hits="311886" branch="false"/>
								<line number="73" hits="311886" branch="true" condition-coverage="100% (2/2)">
									<conditions>
										<condition number="0" type="jump" coverage="100%"/>
									</conditions>
								</line>
								<line number="74" hits="158166" branch="true" condition-coverage="50% (1/2)">
									<conditions>
										<condition number="0" type="jump" coverage="50%"/>
									</conditions>
								</line>
								<line number="75" hits="0" branch="false"/>
								<line number="77" hits="158166" branch="false"/>
								<line number="80" hits="153720" branch="false"/>
								<line number="82" hits="311886" branch="false"/>
								<line number="84" hits="351720" branch="true" condition-coverage="100% (2/2)">
									<conditions>
										<condition number="0" type="jump" coverage="100%"/>
									</conditions>
								</line>
								<line number="85" hits="198000" branch="false"/>
								<line number="86" hits="198000" branch="false"/>
								<line number="89" hits="594000" branch="false"/>
							</lines>
						</method>
						<method name="reset" signature="()V" line-rate="0.0" branch-rate="1.0" complexity="0">
							<lines>
								<line number="118" hits="0" branch="false"/>
								<line number="119" hits="0" branch="false"/>
							</lines>
						</method>
						<method name="stableRecords" signature="()Z" line-rate="1.0" branch-rate="1.0" complexity="0">
							<lines>
								<line number="111" hits="51222" branch="false"/>
							</lines>
						</method>
						<method name="toString" signature="()Ljava/lang/String;" line-rate="0.0" branch-rate="1.0" complexity="0">
							<lines>
								<line number="30" hits="0" branch="false"/>
							</lines>
						</method>
					</methods>
					<lines>
						<line number="30" hits="0" branch="false"/>
						<line number="38" hits="543758" branch="false"/>
						<line number="39" hits="543758" branch="false"/>
						<line number="40" hits="543758" branch="false"/>
						<line number="41" hits="543758" branch="false"/>
						<line number="46" hits="594000" branch="false"/>
						<line number="47" hits="594000" branch="false"/>
						<line number="48" hits="594000" branch="false"/>
						<line number="49" hits="594000" branch="false"/>
						<line number="50" hits="594000" branch="true" condition-coverage="100% (2/2)">
							<conditions>
								<condition number="0" type="jump" coverage="100%"/>
							</conditions>
						</line>
						<line number="53" hits="351720" branch="false"/>
						<line number="54" hits="351720" branch="false"/>
						<line number="55" hits="1190979" branch="true" condition-coverage="100% (6/6)">
							<conditions>
								<condition number="0" type="jump" coverage="100%"/>
								<condition number="1" type="jump" coverage="100%"/>
								<condition number="2" type="jump" coverage="100%"/>
							</conditions>
						</line>
						<line number="56" hits="839259" branch="false"/>
						<line number="57" hits="839259" branch="true" condition-coverage="100% (2/2)">
							<conditions>
								<condition number="0" type="jump" coverage="100%"/>
							</conditions>
						</line>
						<line number="58" hits="723969" branch="true" condition-coverage="100% (2/2)">
							<conditions>
								<condition number="0" type="jump" coverage="100%"/>
							</conditions>
						</line>
						<line number="59" hits="198000" branch="false"/>
						<line number="61" hits="525969" branch="false"/>
						<line number="64" hits="115290" branch="false"/>
						<line number="66" hits="839259" branch="false"/>
						<line number="67" hits="351720" branch="true" condition-coverage="100% (2/2)">
							<conditions>
								<condition number="0" type="jump" coverage="100%"/>
							</conditions>
						</line>
						<line number="69" hits="153720" branch="false"/>
						<line number="70" hits="153720" branch="false"/>
						<line number="71" hits="465606" branch="true" condition-coverage="66% (4/6)">
							<conditions>
								<condition number="0" type="jump" coverage="50%"/>
								<condition number="1" type="jump" coverage="100%"/>
								<condition number="2" type="jump" coverage="50%"/>
							</conditions>
						</line>
						<line number="72" hits="311886" branch="false"/>
						<line number="73" hits="311886" branch="true" condition-coverage="100% (2/2)">
							<conditions>
								<condition number="0" type="jump" coverage="100%"/>
							</conditions>
						</line>
						<line number="74" hits="158166" branch="true" condition-coverage="50% (1/2)">
							<conditions>
								<condition number="0" type="jump" coverage="50%"/>
							</conditions>
						</line>
						<line number="75" hits="0" branch="false"/>
						<line number="77" hits="158166" branch="false"/>
						<line number="80" hits="153720" branch="false"/>
						<line number="82" hits="311886" branch="false"/>
						<line number="84" hits="351720" branch="true" condition-coverage="100% (2/2)">
							<conditions>
								<condition number="0" type="jump" coverage="100%"/>
							</conditions>
						</line>
						<line number="85" hits="198000" branch="false"/>
						<line number="86" hits="198000" branch="false"/>
						<line number="89" hits="594000" branch="false"/>
						<line number="95" hits="25838" branch="false"/>
						<line number="96" hits="25838" branch="false"/>
						<line number="105" hits="396000" branch="false"/>
						<line number="111" hits="51222" branch="false"/>
						<line number="118" hits="0" branch="false"/>
						<line number="119" hits="0" branch="false"/>
						<line number="122" hits="101554" branch="false"/>
						<line number="128" hits="639632" branch="false"/>
						<line number="133" hits="11000" branch="false"/>
						<line number="134" hits="11000" branch="false"/>
						<line number="135" hits="11000" branch="false"/>
						<line number="141" hits="25838" branch="true" condition-coverage="100% (2/2)">
							<conditions>
								<condition number="0" type="jump" coverage="100%"/>
							</conditions>
						</line>
						<line number="142" hits="25485" branch="true" condition-coverage="100% (2/2)">
							<conditions>
								<condition number="0" type="jump" coverage="100%"/>
							</conditions>
						</line>
						<line number="143" hits="2" branch="false"/>
						<line number="145" hits="25483" branch="false"/>
						<line number="147" hits="25485" branch="false"/>
						<line number="149" hits="25838" branch="false"/>
						<line number="153" hits="543758" branch="false"/>
						<line number="154" hits="543758" branch="true" condition-coverage="100% (2/2)">
							<conditions>
								<condition number="0" type="jump" coverage="100%"/>
							</conditions>
						</line>
						<line number="155" hits="50775" branch="false"/>
						<line number="156" hits="492983" branch="true" condition-coverage="100% (2/2)">
							<conditions>
								<condition number="0" type="jump" coverage="100%"/>
							</conditions>
						</line>
						<line number="157" hits="96" branch="false"/>
						<line number="159" hits="543758" branch="false"/>
						<line number="163" hits="6" branch="false"/>
						<line number="165" hits="6" branch="false"/>
						<line number="179" hits="50777" branch="false"/>
						<line number="181" hits="50777" branch="false"/>
						<line number="182" hits="50777" branch="false"/>
					</lines>
				</class>
				<class name="com.geophile.z.index.sortedarray.SortedArray$1" filename="com/geophile/z/index/sortedarray/SortedArray.java" line-rate="1.0" branch-rate="1.0" complexity="2.2666666666666666">
					<methods>
						<method name="&lt;init&gt;" signature="()V" line-rate="1.0" branch-rate="1.0" complexity="0">
							<lines>
								<line number="167" hits="6" branch="false"/>
							</lines>
						</method>
						<method name="compare" signature="(Ljava/lang/Object;Ljava/lang/Object;)I" line-rate="1.0" branch-rate="1.0" complexity="0">
							<lines>
								<line number="171" hits="6490410" branch="false"/>
								<line number="172" hits="6490410" branch="false"/>
								<line number="173" hits="6490410" branch="true" condition-coverage="100% (4/4)">
									<conditions>
										<condition number="0" type="jump" coverage="100%"/>
										<condition number="1" type="jump" coverage="100%"/>
									</conditions>
								</line>
							</lines>
						</method>
					</methods>
					<lines>
						<line number="167" hits="6" branch="false"/>
						<line number="171" hits="6490410" branch="false"/>
						<line number="172" hits="6490410" branch="false"/>
						<line number="173" hits="6490410" branch="true" condition-coverage="100% (4/4)">
							<conditions>
								<condition number="0" type="jump" coverage="100%"/>
								<condition number="1" type="jump" coverage="100%"/>
							</conditions>
						</line>
					</lines>
				</class>
				<class name="com.geophile.z.index.sortedarray.SortedArray$OfBaseRecord" filename="com/geophile/z/index/sortedarray/SortedArray.java" line-rate="1.0" branch-rate="1.0" complexity="2.2666666666666666">
					<methods>
						<method name="&lt;init&gt;" signature="()V" line-rate="1.0" branch-rate="1.0" complexity="0">
							<lines>
							</lines>
						</method>
						<method name="newRecord" signature="()Lcom/geophile/z/Record;" line-rate="1.0" branch-rate="1.0" complexity="0">
							<lines>
								<line number="186" hits="436274" branch="false"/>
							</lines>
						</method>
						<method name="newRecord" signature="()Lcom/geophile/z/index/RecordWithSpatialObject;" line-rate="1.0" branch-rate="1.0" complexity="0">
							<lines>
								<line number="191" hits="385510" branch="false"/>
							</lines>
						</method>
					</methods>
					<lines>
						<line number="186" hits="436274" branch="false"/>
						<line number="191" hits="385510" branch="false"/>
					</lines>
				</class>
				<class name="com.geophile.z.index.sortedarray.SortedArrayCursor" filename="com/geophile/z/index/sortedarray/SortedArrayCursor.java" line-rate="0.9347826086956522" branch-rate="0.5789473684210527" complexity="2.857142857142857">
					<methods>
						<method name="&lt;clinit&gt;" signature="()V" line-rate="1.0" branch-rate="1.0" complexity="0">
							<lines>
								<line number="14" hits="6" branch="false"/>
							</lines>
						</method>
						<method name="&lt;init&gt;" signature="(Lcom/geophile/z/index/sortedarray/SortedArray;)V" line-rate="1.0" branch-rate="1.0" complexity="0">
							<lines>
								<line number="50" hits="25838" branch="false"/>
								<line number="51" hits="25838" branch="false"/>
								<line number="52" hits="25838" branch="false"/>
								<line number="117" hits="25838" branch="false"/>
							</lines>
						</method>
						<method name="deleteCurrent" signature="()Z" line-rate="1.0" branch-rate="0.6" complexity="0">
							<lines>
								<line number="34" hits="11000" branch="false"/>
								<line number="35" hits="11000" branch="true" condition-coverage="50% (1/2)">
									<conditions>
										<condition number="0" type="jump" coverage="50%"/>
									</conditions>
								</line>
								<line number="36" hits="11000" branch="true" condition-coverage="50% (2/4)">
									<conditions>
										<condition number="0" type="jump" coverage="50%"/>
										<condition number="1" type="jump" coverage="50%"/>
									</conditions>
								</line>
								<line number="37" hits="11000" branch="false"/>
								<line number="38" hits="11000" branch="true" condition-coverage="75% (3/4)">
									<conditions>
										<condition number="0" type="jump" coverage="100%"/>
										<condition number="1" type="jump" coverage="50%"/>
									</conditions>
								</line>
								<line number="39" hits="10980" branch="false"/>
								<line number="41" hits="11000" branch="false"/>
								<line number="43" hits="11000" branch="false"/>
							</lines>
						</method>
						<method name="goTo" signature="(Lcom/geophile/z/Record;)V" line-rate="1.0" branch-rate="1.0" complexity="0">
							<lines>
								<line number="27" hits="45632" branch="false"/>
								<line number="28" hits="45632" branch="false"/>
								<line number="29" hits="45632" branch="false"/>
							</lines>
						</method>
						<method name="neighbor" signature="()Lcom/geophile/z/Record;" line-rate="0.8947368421052632" branch-rate="0.5" complexity="0">
							<lines>
								<line number="58" hits="908198" branch="true" condition-coverage="50% (2/4)">
									<conditions>
										<condition number="0" type="switch" coverage="50%"/>
									</conditions>
								</line>
								<line number="60" hits="45632" branch="false"/>
								<line number="61" hits="45632" branch="false"/>
								<line number="63" hits="862566" branch="false"/>
								<line number="65" hits="0" branch="true" condition-coverage="0% (0/4)">
									<conditions>
										<condition number="0" type="jump" coverage="0%"/>
										<condition number="1" type="jump" coverage="0%"/>
									</conditions>
								</line>
								<line number="66" hits="0" branch="false"/>
								<line number="68" hits="908198" branch="true" condition-coverage="100% (2/2)">
									<conditions>
										<condition number="0" type="jump" coverage="100%"/>
									</conditions>
								</line>
								<line number="69" hits="877609" branch="false"/>
								<line number="70" hits="877609" branch="false"/>
								<line number="71" hits="877609" branch="false"/>
								<line number="72" hits="877609" branch="false"/>
								<line number="73" hits="877609" branch="false"/>
								<line number="74" hits="877609" branch="false"/>
								<line number="75" hits="877609" branch="true" condition-coverage="50% (2/4)">
									<conditions>
										<condition number="0" type="jump" coverage="50%"/>
										<condition number="1" type="jump" coverage="50%"/>
									</conditions>
								</line>
								<line number="76" hits="877609" branch="true" condition-coverage="100% (2/2)">
									<conditions>
										<condition number="0" type="jump" coverage="100%"/>
									</conditions>
								</line>
								<line number="77" hits="28191" branch="false"/>
								<line number="79" hits="877609" branch="false"/>
								<line number="80" hits="30589" branch="false"/>
								<line number="82" hits="908198" branch="false"/>
							</lines>
						</method>
						<method name="next" signature="()Lcom/geophile/z/Record;" line-rate="1.0" branch-rate="1.0" complexity="0">
							<lines>
								<line number="21" hits="908198" branch="false"/>
							</lines>
						</method>
						<method name="record" signature="(I)Lcom/geophile/z/Record;" line-rate="1.0" branch-rate="1.0" complexity="0">
							<lines>
								<line number="105" hits="877609" branch="false"/>
							</lines>
						</method>
						<method name="startIteration" signature="(Z)V" line-rate="0.8888888888888888" branch-rate="0.6666666666666666" complexity="0">
							<lines>
								<line number="87" hits="45632" branch="false"/>
								<line number="88" hits="45632" branch="true" condition-coverage="100% (2/2)">
									<conditions>
										<condition number="0" type="jump" coverage="100%"/>
									</conditions>
								</line>
								<line number="90" hits="45581" branch="false"/>
								<line number="93" hits="51" branch="true" condition-coverage="50% (1/2)">
									<conditions>
										<condition number="0" type="jump" coverage="50%"/>
									</conditions>
								</line>
								<line number="94" hits="0" branch="false"/>
								<line number="97" hits="45632" branch="true" condition-coverage="50% (2/4)">
									<conditions>
										<condition number="0" type="jump" coverage="50%"/>
										<condition number="1" type="jump" coverage="50%"/>
									</conditions>
								</line>
								<line number="98" hits="45632" branch="true" condition-coverage="75% (3/4)">
									<conditions>
										<condition number="0" type="jump" coverage="50%"/>
										<condition number="1" type="jump" coverage="100%"/>
									</conditions>
								</line>
								<line number="99" hits="5996" branch="false"/>
								<line number="101" hits="45632" branch="false"/>
							</lines>
						</method>
					</methods>
					<lines>
						<line number="14" hits="6" branch="false"/>
						<line number="21" hits="908198" branch="false"/>
						<line number="27" hits="45632" branch="false"/>
						<line number="28" hits="45632" branch="false"/>
						<line number="29" hits="45632" branch="false"/>
						<line number="34" hits="11000" branch="false"/>
						<line number="35" hits="11000" branch="true" condition-coverage="50% (1/2)">
							<conditions>
								<condition number="0" type="jump" coverage="50%"/>
							</conditions>
						</line>
						<line number="36" hits="11000" branch="true" condition-coverage="50% (2/4)">
							<conditions>
								<condition number="0" type="jump" coverage="50%"/>
								<condition number="1" type="jump" coverage="50%"/>
							</conditions>
						</line>
						<line number="37" hits="11000" branch="false"/>
						<line number="38" hits="11000" branch="true" condition-coverage="75% (3/4)">
							<conditions>
								<condition number="0" type="jump" coverage="100%"/>
								<condition number="1" type="jump" coverage="50%"/>
							</conditions>
						</line>
						<line number="39" hits="10980" branch="false"/>
						<line number="41" hits="11000" branch="false"/>
						<line number="43" hits="11000" branch="false"/>
						<line number="50" hits="25838" branch="false"/>
						<line number="51" hits="25838" branch="false"/>
						<line number="52" hits="25838" branch="false"/>
						<line number="58" hits="908198" branch="true" condition-coverage="50% (2/4)">
							<conditions>
								<condition number="0" type="switch" coverage="50%"/>
							</conditions>
						</line>
						<line number="60" hits="45632" branch="false"/>
						<line number="61" hits="45632" branch="false"/>
						<line number="63" hits="862566" branch="false"/>
						<line number="65" hits="0" branch="true" condition-coverage="0% (0/4)">
							<conditions>
								<condition number="0" type="jump" coverage="0%"/>
								<condition number="1" type="jump" coverage="0%"/>
							</conditions>
						</line>
						<line number="66" hits="0" branch="false"/>
						<line number="68" hits="908198" branch="true" condition-coverage="100% (2/2)">
							<conditions>
								<condition number="0" type="jump" coverage="100%"/>
							</conditions>
						</line>
						<line number="69" hits="877609" branch="false"/>
						<line number="70" hits="877609" branch="false"/>
						<line number="71" hits="877609" branch="false"/>
						<line number="72" hits="877609" branch="false"/>
						<line number="73" hits="877609" branch="false"/>
						<line number="74" hits="877609" branch="false"/>
						<line number="75" hits="877609" branch="true" condition-coverage="50% (2/4)">
							<conditions>
								<condition number="0" type="jump" coverage="50%"/>
								<condition number="1" type="jump" coverage="50%"/>
							</conditions>
						</line>
						<line number="76" hits="877609" branch="true" condition-coverage="100% (2/2)">
							<conditions>
								<condition number="0" type="jump" coverage="100%"/>
							</conditions>
						</line>
						<line number="77" hits="28191" branch="false"/>
						<line number="79" hits="877609" branch="false"/>
						<line number="80" hits="30589" branch="false"/>
						<line number="82" hits="908198" branch="false"/>
						<line number="87" hits="45632" branch="false"/>
						<line number="88" hits="45632" branch="true" condition-coverage="100% (2/2)">
							<conditions>
								<condition number="0" type="jump" coverage="100%"/>
							</conditions>
						</line>
						<line number="90" hits="45581" branch="false"/>
						<line number="93" hits="51" branch="true" condition-coverage="50% (1/2)">
							<conditions>
								<condition number="0" type="jump" coverage="50%"/>
							</conditions>
						</line>
						<line number="94" hits="0" branch="false"/>
						<line number="97" hits="45632" branch="true" condition-coverage="50% (2/4)">
							<conditions>
								<condition number="0" type="jump" coverage="50%"/>
								<condition number="1" type="jump" coverage="50%"/>
							</conditions>
						</line>
						<line number="98" hits="45632" branch="true" condition-coverage="75% (3/4)">
							<conditions>
								<condition number="0" type="jump" coverage="50%"/>
								<condition number="1" type="jump" coverage="100%"/>
							</conditions>
						</line>
						<line number="99" hits="5996" branch="false"/>
						<line number="101" hits="45632" branch="false"/>
						<line number="105" hits="877609" branch="false"/>
						<line number="117" hits="25838" branch="false"/>
					</lines>
				</class>
				<class name="com.geophile.z.index.sortedarray.SortedArrayCursor$1" filename="com/geophile/z/index/sortedarray/SortedArrayCursor.java" line-rate="1.0" branch-rate="1.0" complexity="2.857142857142857">
					<methods>
						<method name="&lt;clinit&gt;" signature="()V" line-rate="1.0" branch-rate="1.0" complexity="0">
							<lines>
								<line number="58" hits="6" branch="false"/>
							</lines>
						</method>
					</methods>
					<lines>
						<line number="58" hits="6" branch="false"/>
					</lines>
				</class>
			</classes>
		</package>
		<package name="com.geophile.z.space" line-rate="0.8556430446194225" branch-rate="0.7890295358649789" complexity="2.875">
			<classes>
				<class name="com.geophile.z.space.ApplicationSpace" filename="com/geophile/z/space/ApplicationSpace.java" line-rate="0.8333333333333334" branch-rate="0.6666666666666666" complexity="2.25">
					<methods>
						<method name="&lt;init&gt;" signature="([D[D)V" line-rate="0.7777777777777778" branch-rate="0.6666666666666666" complexity="0">
							<lines>
								<line number="25" hits="34" branch="false"/>
								<line number="26" hits="34" branch="true" condition-coverage="50% (1/2)">
									<conditions>
										<condition number="0" type="jump" coverage="50%"/>
									</conditions>
								</line>
								<line number="27" hits="0" branch="false"/>
								<line number="29" hits="109" branch="true" condition-coverage="100% (2/2)">
									<conditions>
										<condition number="0" type="jump" coverage="100%"/>
									</conditions>
								</line>
								<line number="30" hits="75" branch="true" condition-coverage="50% (1/2)">
									<conditions>
										<condition number="0" type="jump" coverage="50%"/>
									</conditions>
								</line>
								<line number="31" hits="0" branch="false"/>
								<line number="34" hits="34" branch="false"/>
								<line number="35" hits="34" branch="false"/>
								<line number="36" hits="34" branch="false"/>
							</lines>
						</method>
						<method name="dimensions" signature="()I" line-rate="1.0" branch-rate="1.0" complexity="0">
							<lines>
								<line number="11" hits="68" branch="false"/>
							</lines>
						</method>
						<method name="hi" signature="(I)D" line-rate="1.0" branch-rate="1.0" complexity="0">
							<lines>
								<line number="21" hits="21835295" branch="false"/>
							</lines>
						</method>
						<method name="lo" signature="(I)D" line-rate="1.0" branch-rate="1.0" complexity="0">
							<lines>
								<line number="16" hits="21835367" branch="false"/>
							</lines>
						</method>
					</methods>
					<lines>
						<line number="11" hits="68" branch="false"/>
						<line number="16" hits="21835367" branch="false"/>
						<line number="21" hits="21835295" branch="false"/>
						<line number="25" hits="34" branch="false"/>
						<line number="26" hits="34" branch="true" condition-coverage="50% (1/2)">
							<conditions>
								<condition number="0" type="jump" coverage="50%"/>
							</conditions>
						</line>
						<line number="27" hits="0" branch="false"/>
						<line number="29" hits="109" branch="true" condition-coverage="100% (2/2)">
							<conditions>
								<condition number="0" type="jump" coverage="100%"/>
							</conditions>
						</line>
						<line number="30" hits="75" branch="true" condition-coverage="50% (1/2)">
							<conditions>
								<condition number="0" type="jump" coverage="50%"/>
							</conditions>
						</line>
						<line number="31" hits="0" branch="false"/>
						<line number="34" hits="34" branch="false"/>
						<line number="35" hits="34" branch="false"/>
						<line number="36" hits="34" branch="false"/>
					</lines>
				</class>
				<class name="com.geophile.z.space.Region" filename="com/geophile/z/space/Region.java" line-rate="0.7647058823529411" branch-rate="0.7941176470588235" complexity="1.2857142857142858">
					<methods>
						<method name="&lt;clinit&gt;" signature="()V" line-rate="1.0" branch-rate="1.0" complexity="0">
							<lines>
								<line number="36" hits="11" branch="false"/>
							</lines>
						</method>
						<method name="&lt;init&gt;" signature="(Lcom/geophile/z/space/Region;)V" line-rate="1.0" branch-rate="1.0" complexity="0">
							<lines>
								<line number="257" hits="354973169" branch="false"/>
								<line number="258" hits="354973169" branch="false"/>
								<line number="259" hits="354973169" branch="false"/>
								<line number="260" hits="354973169" branch="false"/>
								<line number="261" hits="354973169" branch="false"/>
								<line number="262" hits="354973169" branch="false"/>
								<line number="263" hits="354973169" branch="false"/>
								<line number="264" hits="354973169" branch="false"/>
								<line number="265" hits="354973169" branch="false"/>
								<line number="266" hits="354973169" branch="false"/>
							</lines>
						</method>
						<method name="&lt;init&gt;" signature="(Lcom/geophile/z/space/SpaceImpl;[D)V" line-rate="0.8823529411764706" branch-rate="0.625" complexity="0">
							<lines>
								<line number="224" hits="10892013" branch="false"/>
								<line number="225" hits="10892013" branch="true" condition-coverage="50% (2/4)">
									<conditions>
										<condition number="0" type="jump" coverage="50%"/>
										<condition number="1" type="jump" coverage="50%"/>
									</conditions>
								</line>
								<line number="226" hits="10892013" branch="false"/>
								<line number="227" hits="10892013" branch="false"/>
								<line number="228" hits="10892013" branch="false"/>
								<line number="229" hits="10892013" branch="false"/>
								<line number="230" hits="10892013" branch="false"/>
								<line number="231" hits="10892013" branch="false"/>
								<line number="232" hits="32676039" branch="true" condition-coverage="100% (2/2)">
									<conditions>
										<condition number="0" type="jump" coverage="100%"/>
									</conditions>
								</line>
								<line number="233" hits="21784026" branch="false"/>
								<line number="234" hits="21784026" branch="false"/>
								<line number="236" hits="10892013" branch="false"/>
								<line number="237" hits="10892013" branch="false"/>
								<line number="238" hits="10892013" branch="true" condition-coverage="50% (1/2)">
									<conditions>
										<condition number="0" type="jump" coverage="50%"/>
									</conditions>
								</line>
								<line number="239" hits="0" branch="false"/>
								<line number="240" hits="0" branch="false"/>
								<line number="242" hits="10892013" branch="false"/>
							</lines>
						</method>
						<method name="copy" signature="()Lcom/geophile/z/space/Region;" line-rate="1.0" branch-rate="1.0" complexity="0">
							<lines>
								<line number="220" hits="354973169" branch="false"/>
							</lines>
						</method>
						<method name="downLeft" signature="()V" line-rate="1.0" branch-rate="1.0" complexity="0">
							<lines>
								<line number="195" hits="541799954" branch="false"/>
								<line number="196" hits="541799954" branch="false"/>
								<line number="197" hits="541799954" branch="false"/>
							</lines>
						</method>
						<method name="downRight" signature="()V" line-rate="1.0" branch-rate="1.0" complexity="0">
							<lines>
[...]
						<line number="40" hits="1492411633" branch="true" condition-coverage="100% (2/2)">
							<conditions>
								<condition number="0" type="jump" coverage="100%"/>
							</conditions>
						</line>
						<line number="41" hits="1492411633" branch="true" condition-coverage="66% (4/6)">
							<conditions>
								<condition number="0" type="jump" coverage="100%"/>
								<condition number="1" type="jump" coverage="50%"/>
								<condition number="2" type="jump" coverage="50%"/>
							</conditions>
						</line>
						<line number="42" hits="1492334261" branch="false"/>
						<line number="43" hits="1492334261" branch="false"/>
						<line number="44" hits="1492334261" branch="false"/>
						<line number="45" hits="1492334261" branch="false"/>
						<line number="47" hits="1492411633" branch="false"/>
						<line number="55" hits="541116" branch="false"/>
						<line number="56" hits="541116" branch="false"/>
						<line number="57" hits="541116" branch="false"/>
						<line number="58" hits="541116" branch="false"/>
						<line number="59" hits="541116" branch="false"/>
						<line number="66" hits="478630" branch="false"/>
						<line number="81" hits="4" branch="false"/>
						<line number="82" hits="4" branch="false"/>
						<line number="87" hits="4" branch="false"/>
						<line number="88" hits="4" branch="false"/>
						<line number="94" hits="-584988156" branch="false"/>
						<line number="101" hits="-1248818644" branch="true" condition-coverage="50% (1/2)">
							<conditions>
								<condition number="0" type="jump" coverage="50%"/>
							</conditions>
						</line>
						<line number="102" hits="4" branch="true" condition-coverage="50% (2/4)">
							<conditions>
								<condition number="0" type="jump" coverage="50%"/>
								<condition number="1" type="jump" coverage="50%"/>
							</conditions>
						</line>
						<line number="104" hits="4" branch="false"/>
						<line number="105" hits="0" branch="false"/>
						<line number="106" hits="0" branch="false"/>
						<line number="107" hits="4" branch="false"/>
						<line number="109" hits="-1248818644" branch="false"/>
						<line number="112" hits="3028553" branch="false"/>
						<line number="113" hits="3028553" branch="false"/>
						<line number="114" hits="3028553" branch="false"/>
						<line number="115" hits="3028553" branch="false"/>
						<line number="119" hits="4" branch="false"/>
						<line number="120" hits="4" branch="false"/>
						<line number="121" hits="4" branch="false"/>
						<line number="126" hits="4" branch="false"/>
						<line number="127" hits="4" branch="false"/>
						<line number="128" hits="4" branch="false"/>
						<line number="130" hits="4" branch="false"/>
						<line number="131" hits="4" branch="false"/>
						<line number="136" hits="4" branch="false"/>
						<line number="137" hits="4" branch="false"/>
						<line number="138" hits="4" branch="false"/>
						<line number="140" hits="4" branch="false"/>
						<line number="146" hits="8" branch="false"/>
						<line number="151" hits="4" branch="true" condition-coverage="50% (1/2)">
							<conditions>
								<condition number="0" type="jump" coverage="50%"/>
							</conditions>
						</line>
						<line number="152" hits="4" branch="true" condition-coverage="50% (2/4)">
							<conditions>
								<condition number="0" type="jump" coverage="50%"/>
								<condition number="1" type="jump" coverage="50%"/>
							</conditions>
						</line>
						<line number="153" hits="4" branch="false"/>
						<line number="155" hits="4" branch="false"/>
						<line number="160" hits="5" branch="false"/>
						<line number="174" hits="3028557" branch="false"/>
					</lines>
				</class>
				<class name="com.geophile.z.spatialobject.jts.JTSSpatialObject$1" filename="com/geophile/z/spatialobject/jts/JTSSpatialObject.java" line-rate="1.0" branch-rate="1.0" complexity="1.4761904761904763">
					<methods>
						<method name="&lt;init&gt;" signature="()V" line-rate="1.0" branch-rate="1.0" complexity="0">
							<lines>
							</lines>
						</method>
						<method name="initialValue" signature="()Lcom/geophile/z/spatialobject/jts/JTSSpatialObject$IO;" line-rate="1.0" branch-rate="1.0" complexity="0">
							<lines>
								<line number="166" hits="1" branch="false"/>
							</lines>
						</method>
						<method name="initialValue" signature="()Ljava/lang/Object;" line-rate="1.0" branch-rate="1.0" complexity="0">
							<lines>
								<line number="162" hits="6" branch="false"/>
							</lines>
						</method>
					</methods>
					<lines>
						<line number="162" hits="6" branch="false"/>
						<line number="166" hits="1" branch="false"/>
					</lines>
				</class>
				<class name="com.geophile.z.spatialobject.jts.JTSSpatialObject$IO" filename="com/geophile/z/spatialobject/jts/JTSSpatialObject.java" line-rate="1.0" branch-rate="1.0" complexity="1.4761904761904763">
					<methods>
						<method name="&lt;init&gt;" signature="()V" line-rate="1.0" branch-rate="1.0" complexity="0">
							<lines>
							</lines>
						</method>
						<method name="&lt;init&gt;" signature="(Lcom/geophile/z/spatialobject/jts/JTSSpatialObject$1;)V" line-rate="1.0" branch-rate="1.0" complexity="0">
							<lines>
								<line number="191" hits="2" branch="false"/>
							</lines>
						</method>
						<method name="reader" signature="()Lcom/vividsolutions/jts/io/WKBReader;" line-rate="1.0" branch-rate="1.0" complexity="0">
							<lines>
								<line number="195" hits="4" branch="true" condition-coverage="100% (2/2)">
									<conditions>
										<condition number="0" type="jump" coverage="100%"/>
									</conditions>
								</line>
								<line number="196" hits="1" branch="false"/>
								<line number="198" hits="4" branch="false"/>
							</lines>
						</method>
						<method name="writer" signature="()Lcom/vividsolutions/jts/io/WKBWriter;" line-rate="1.0" branch-rate="1.0" complexity="0">
							<lines>
								<line number="203" hits="4" branch="true" condition-coverage="100% (2/2)">
									<conditions>
										<condition number="0" type="jump" coverage="100%"/>
									</conditions>
								</line>
								<line number="204" hits="1" branch="false"/>
								<line number="206" hits="4" branch="false"/>
							</lines>
						</method>
					</methods>
					<lines>
						<line number="191" hits="2" branch="false"/>
						<line number="195" hits="4" branch="true" condition-coverage="100% (2/2)">
							<conditions>
								<condition number="0" type="jump" coverage="100%"/>
							</conditions>
						</line>
						<line number="196" hits="1" branch="false"/>
						<line number="198" hits="4" branch="false"/>
						<line number="203" hits="4" branch="true" condition-coverage="100% (2/2)">
							<conditions>
								<condition number="0" type="jump" coverage="100%"/>
							</conditions>
						</line>
						<line number="204" hits="1" branch="false"/>
						<line number="206" hits="4" branch="false"/>
					</lines>
				</class>
				<class name="com.geophile.z.spatialobject.jts.JTSSpatialObjectWithBoundingBox" filename="com/geophile/z/spatialobject/jts/JTSSpatialObjectWithBoundingBox.java" line-rate="1.0" branch-rate="0.8125" complexity="3.4285714285714284">
					<methods>
						<method name="&lt;clinit&gt;" signature="()V" line-rate="1.0" branch-rate="1.0" complexity="0">
							<lines>
								<line number="17" hits="4" branch="false"/>
							</lines>
						</method>
						<method name="&lt;init&gt;" signature="()V" line-rate="1.0" branch-rate="1.0" complexity="0">
							<lines>
								<line number="57" hits="6" branch="false"/>
							</lines>
						</method>
						<method name="&lt;init&gt;" signature="(Lcom/geophile/z/Space;Lcom/vividsolutions/jts/geom/Geometry;)V" line-rate="1.0" branch-rate="1.0" complexity="0">
							<lines>
								<line number="63" hits="478156" branch="false"/>
								<line number="64" hits="478156" branch="false"/>
								<line number="88" hits="478159" branch="false"/>
								<line number="89" hits="478159" branch="false"/>
							</lines>
						</method>
						<method name="boundingBoxAvailable" signature="()Z" line-rate="1.0" branch-rate="1.0" complexity="0">
							<lines>
								<line number="83" hits="38580624" branch="true" condition-coverage="100% (2/2)">
									<conditions>
										<condition number="0" type="jump" coverage="100%"/>
									</conditions>
								</line>
							</lines>
						</method>
						<method name="compare" signature="(Lcom/geophile/z/space/Region;)Lcom/geophile/z/space/RegionComparison;" line-rate="1.0" branch-rate="1.0" complexity="0">
							<lines>
								<line number="42" hits="27010670" branch="false"/>
								<line number="43" hits="27010670" branch="true" condition-coverage="100% (4/4)">
									<conditions>
										<condition number="0" type="jump" coverage="100%"/>
										<condition number="1" type="jump" coverage="100%"/>
									</conditions>
								</line>
								<line number="44" hits="5779595" branch="true" condition-coverage="100% (4/4)">
									<conditions>
										<condition number="0" type="jump" coverage="100%"/>
										<condition number="1" type="jump" coverage="100%"/>
									</conditions>
								</line>
								<line number="45" hits="726631" branch="false"/>
								<line number="46" hits="26284039" branch="true" condition-coverage="100% (4/4)">
									<conditions>
										<condition number="0" type="jump" coverage="100%"/>
										<condition number="1" type="jump" coverage="100%"/>
									</conditions>
								</line>
								<line number="47" hits="22940478" branch="true" condition-coverage="100% (4/4)">
									<conditions>
										<condition number="0" type="jump" coverage="100%"/>
										<condition number="1" type="jump" coverage="100%"/>
									</conditions>
								</line>
								<line number="48" hits="7178493" branch="false"/>
								<line number="50" hits="19105546" branch="false"/>
							</lines>
						</method>
						<method name="containedBy" signature="(Lcom/geophile/z/Space;)Z" line-rate="1.0" branch-rate="0.625" complexity="0">
							<lines>
								<line number="24" hits="478393" branch="false"/>
								<line number="25" hits="478393" branch="false"/>
								<line number="26" hits="478393" branch="true" condition-coverage="50% (2/4)">
									<conditions>
										<condition number="0" type="jump" coverage="50%"/>
										<condition number="1" type="jump" coverage="50%"/>
									</conditions>
								</line>
								<line number="27" hits="478393" branch="true" condition-coverage="75% (3/4)">
									<conditions>
										<condition number="0" type="jump" coverage="100%"/>
										<condition number="1" type="jump" coverage="50%"/>
									</conditions>
								</line>
							</lines>
						</method>
						<method name="containedBy" signature="(Lcom/geophile/z/space/Region;)Z" line-rate="1.0" branch-rate="1.0" complexity="0">
							<lines>
								<line number="33" hits="11091804" branch="false"/>
								<line number="34" hits="11091804" branch="false"/>
								<line number="35" hits="11091804" branch="true" condition-coverage="100% (4/4)">
									<conditions>
										<condition number="0" type="jump" coverage="100%"/>
										<condition number="1" type="jump" coverage="100%"/>
									</conditions>
								</line>
								<line number="36" hits="1079512" branch="true" condition-coverage="100% (4/4)">
									<conditions>
										<condition number="0" type="jump" coverage="100%"/>
										<condition number="1" type="jump" coverage="100%"/>
									</conditions>
								</line>
							</lines>
						</method>
						<method name="ensureBoundingBox" signature="()V" line-rate="1.0" branch-rate="0.5714285714285714" complexity="0">
							<lines>
								<line number="70" hits="38102474" branch="true" condition-coverage="100% (2/2)">
									<conditions>
										<condition number="0" type="jump" coverage="100%"/>
									</conditions>
								</line>
								<line number="71" hits="478150" branch="true" condition-coverage="50% (2/4)">
									<conditions>
										<condition number="0" type="jump" coverage="50%"/>
										<condition number="1" type="jump" coverage="50%"/>
									</conditions>
								</line>
								<line number="72" hits="478150" branch="true" condition-coverage="50% (2/4)">
									<conditions>
										<condition number="0" type="jump" coverage="50%"/>
										<condition number="1" type="jump" coverage="50%"/>
									</conditions>
								</line>
								<line number="73" hits="478150" branch="false"/>
								<line number="74" hits="478150" branch="false"/>
								<line number="75" hits="478150" branch="false"/>
								<line number="76" hits="478150" branch="false"/>
								<line number="77" hits="478150" branch="false"/>
								<line number="78" hits="478150" branch="true" condition-coverage="50% (2/4)">
									<conditions>
										<condition number="0" type="jump" coverage="50%"/>
										<condition number="1" type="jump" coverage="50%"/>
									</conditions>
								</line>
								<line number="80" hits="38102474" branch="false"/>
							</lines>
						</method>
					</methods>
					<lines>
						<line number="17" hits="4" branch="false"/>
						<line number="24" hits="478393" branch="false"/>
						<line number="25" hits="478393" branch="false"/>
						<line number="26" hits="478393" branch="true" condition-coverage="50% (2/4)">
							<conditions>
								<condition number="0" type="jump" coverage="50%"/>
								<condition number="1" type="jump" coverage="50%"/>
							</conditions>
						</line>
						<line number="27" hits="478393" branch="true" condition-coverage="75% (3/4)">
							<conditions>
								<condition number="0" type="jump" coverage="100%"/>
								<condition number="1" type="jump" coverage="50%"/>
							</conditions>
						</line>
						<line number="33" hits="11091804" branch="false"/>
						<line number="34" hits="11091804" branch="false"/>
						<line number="35" hits="11091804" branch="true" condition-coverage="100% (4/4)">
							<conditions>
								<condition number="0" type="jump" coverage="100%"/>
								<condition number="1" type="jump" coverage="100%"/>
							</conditions>
						</line>
						<line number="36" hits="1079512" branch="true" condition-coverage="100% (4/4)">
							<conditions>
								<condition number="0" type="jump" coverage="100%"/>
								<condition number="1" type="jump" coverage="100%"/>
							</conditions>
						</line>
						<line number="42" hits="27010670" branch="false"/>
						<line number="43" hits="27010670" branch="true" condition-coverage="100% (4/4)">
							<conditions>
								<condition number="0" type="jump" coverage="100%"/>
								<condition number="1" type="jump" coverage="100%"/>
							</conditions>
						</line>
						<line number="44" hits="5779595" branch="true" condition-coverage="100% (4/4)">
							<conditions>
								<condition number="0" type="jump" coverage="100%"/>
								<condition number="1" type="jump" coverage="100%"/>
							</conditions>
						</line>
						<line number="45" hits="726631" branch="false"/>
						<line number="46" hits="26284039" branch="true" condition-coverage="100% (4/4)">
							<conditions>
								<condition number="0" type="jump" coverage="100%"/>
								<condition number="1" type="jump" coverage="100%"/>
							</conditions>
						</line>
						<line number="47" hits="22940478" branch="true" condition-coverage="100% (4/4)">
							<conditions>
								<condition number="0" type="jump" coverage="100%"/>
								<condition number="1" type="jump" coverage="100%"/>
							</conditions>
						</line>
						<line number="48" hits="7178493" branch="false"/>
						<line number="50" hits="19105546" branch="false"/>
						<line number="57" hits="6" branch="false"/>
						<line number="63" hits="478156" branch="false"/>
						<line number="64" hits="478156" branch="false"/>
						<line number="70" hits="38102474" branch="true" condition-coverage="100% (2/2)">
							<conditions>
								<condition number="0" type="jump" coverage="100%"/>
							</conditions>
						</line>
						<line number="71" hits="478150" branch="true" condition-coverage="50% (2/4)">
							<conditions>
								<condition number="0" type="jump" coverage="50%"/>
								<condition number="1" type="jump" coverage="50%"/>
							</conditions>
						</line>
						<line number="72" hits="478150" branch="true" condition-coverage="50% (2/4)">
							<conditions>
								<condition number="0" type="jump" coverage="50%"/>
								<condition number="1" type="jump" coverage="50%"/>
							</conditions>
						</line>
						<line number="73" hits="478150" branch="false"/>
						<line number="74" hits="478150" branch="false"/>
						<line number="75" hits="478150" branch="false"/>
						<line number="76" hits="478150" branch="false"/>
						<line number="77" hits="478150" branch="false"/>
						<line number="78" hits="478150" branch="true" condition-coverage="50% (2/4)">
							<conditions>
								<condition number="0" type="jump" coverage="50%"/>
								<condition number="1" type="jump" coverage="50%"/>
							</conditions>
						</line>
						<line number="80" hits="38102474" branch="false"/>
						<line number="83" hits="38580624" branch="true" condition-coverage="100% (2/2)">
							<conditions>
								<condition number="0" type="jump" coverage="100%"/>
							</conditions>
						</line>
						<line number="88" hits="478159" branch="false"/>
						<line number="89" hits="478159" branch="false"/>
					</lines>
				</class>
			</classes>
		</package>
		<package name="com.geophile.z.util" line-rate="0.0" branch-rate="0.0" complexity="1.3333333333333333">
			<classes>
				<class name="com.geophile.z.util.IndexDumper" filename="com/geophile/z/util/IndexDumper.java" line-rate="0.0" branch-rate="0.0" complexity="1.3333333333333333">
					<methods>
						<method name="&lt;init&gt;" signature="(Lcom/geophile/z/Index;)V" line-rate="0.0" branch-rate="1.0" complexity="0">
							<lines>
								<line number="36" hits="0" branch="false"/>
								<line number="37" hits="0" branch="false"/>
								<line number="38" hits="0" branch="false"/>
							</lines>
						</method>
						<method name="describe" signature="(Lcom/geophile/z/Record;)Ljava/lang/String;" line-rate="0.0" branch-rate="1.0" complexity="0">
							<lines>
								<line number="32" hits="0" branch="false"/>
							</lines>
						</method>
						<method name="dump" signature="(Ljava/io/PrintStream;)V" line-rate="0.0" branch-rate="0.0" complexity="0">
							<lines>
								<line number="20" hits="0" branch="false"/>
								<line number="21" hits="0" branch="false"/>
								<line number="22" hits="0" branch="false"/>
								<line number="23" hits="0" branch="false"/>
								<line number="25" hits="0" branch="true" condition-coverage="0% (0/2)">
									<conditions>
										<condition number="0" type="jump" coverage="0%"/>
									</conditions>
								</line>
								<line number="26" hits="0" branch="false"/>
								<line number="28" hits="0" branch="false"/>
							</lines>
						</method>
					</methods>
					<lines>
						<line number="20" hits="0" branch="false"/>
						<line number="21" hits="0" branch="false"/>
						<line number="22" hits="0" branch="false"/>
						<line number="23" hits="0" branch="false"/>
						<line number="25" hits="0" branch="true" condition-coverage="0% (0/2)">
							<conditions>
								<condition number="0" type="jump" coverage="0%"/>
							</conditions>
						</line>
						<line number="26" hits="0" branch="false"/>
						<line number="28" hits="0" branch="false"/>
						<line number="32" hits="0" branch="false"/>
						<line number="36" hits="0" branch="false"/>
						<line number="37" hits="0" branch="false"/>
						<line number="38" hits="0" branch="false"/>
					</lines>
				</class>
			</classes>
		</package>
	</packages>
</coverage>
